<?xml version="1.0" encoding="UTF-8"?>
<testsuite name="org.example.webpagestests.DevTest" tests="1" skipped="0" failures="0" errors="0" timestamp="2020-05-25T09:22:21" hostname="mesut-Vostro-5471" time="3.146">
  <properties/>
  <testcase name="applyAsDeveloper" classname="org.example.webpagestests.DevTest" time="3.146"/>
  <system-out><![CDATA[]]></system-out>
  <system-err><![CDATA[SLF4J: Failed to load class "org.slf4j.impl.StaticLoggerBinder".
SLF4J: Defaulting to no-operation (NOP) logger implementation
SLF4J: See http://www.slf4j.org/codes.html#StaticLoggerBinder for further details.
Starting ChromeDriver 83.0.4103.39 (ccbf011cb2d2b19b506d844400483861342c20cd-refs/branch-heads/4103@{#416}) on port 27135
Only local connections are allowed.
Please see https://chromedriver.chromium.org/security-considerations for suggestions on keeping ChromeDriver safe.
ChromeDriver was started successfully.
May 25, 2020 12:22:22 PM org.openqa.selenium.remote.ProtocolHandshake createSession
INFO: Detected dialect: W3C
]]></system-err>
</testsuite>
